         ps       /de2421tobcd_tb/a_tb          
          delta        /de2421tobcd_tb/y_tb     
          0  +0                   0000 UUUU 
          0  +1                   0000 0000 
      10000  +1                   0001 0000 
      10000  +2                   0001 0001 
      20000  +1                   0010 0001 
      20000  +2                   0010 0010 
      30000  +1                   0011 0010 
      30000  +2                   0011 0011 
      40000  +1                   0100 0011 
      40000  +2                   0100 0100 
      50000  +1                   1011 0100 
      50000  +2                   1011 0101 
      60000  +1                   1100 0101 
      60000  +2                   1100 0110 
      70000  +1                   1101 0110 
      70000  +2                   1101 0111 
      80000  +1                   1110 0111 
      80000  +2                   1110 1000 
      90000  +1                   1111 1000 
      90000  +2                   1111 1001 
